SF:lib\bloc\auth_bloc\auth_state.dart
DA:4,1
DA:6,1
DA:7,1
DA:15,1
DA:17,1
DA:18,2
LF:6
LH:6
end_of_record
SF:lib\bloc\auth_bloc\auth_event.dart
DA:4,1
DA:6,0
DA:7,0
DA:17,1
DA:28,1
LF:5
LH:3
end_of_record
SF:lib\bloc\auth_bloc\auth_bloc.dart
DA:12,3
DA:13,2
DA:14,2
DA:15,2
DA:16,2
DA:19,1
DA:20,1
DA:21,2
DA:22,1
DA:24,1
DA:26,1
DA:32,1
DA:34,2
DA:35,5
DA:36,4
DA:37,1
DA:38,2
DA:42,1
DA:44,2
DA:45,4
DA:46,4
DA:47,1
DA:48,2
DA:52,1
DA:53,2
DA:54,2
DA:55,2
LF:27
LH:27
end_of_record
SF:lib\data\repository\auth_repository\firebase_auth_repository.dart
DA:12,7
DA:14,1
DA:15,2
DA:17,2
DA:20,4
DA:21,2
DA:22,4
DA:23,1
DA:24,6
DA:25,2
DA:28,0
DA:32,2
DA:34,4
DA:37,7
DA:43,7
DA:44,2
DA:47,14
DA:48,7
DA:52,7
DA:53,42
DA:55,1
DA:56,2
DA:57,1
DA:58,2
DA:59,1
DA:60,2
DA:61,1
DA:64,0
DA:68,0
DA:70,0
DA:73,2
DA:75,4
LF:32
LH:28
end_of_record
SF:lib\data\repository\user_repository\firebase_user_repository.dart
DA:13,8
DA:14,16
DA:16,2
DA:18,8
DA:21,8
DA:23,8
DA:25,32
DA:27,0
DA:31,2
DA:33,2
DA:35,10
DA:37,0
LF:12
LH:10
end_of_record
SF:lib\firebase_options.dart
DA:18,8
DA:22,8
DA:23,8
DA:25,0
DA:27,0
DA:29,0
DA:31,0
DA:32,0
DA:37,0
LF:9
LH:3
end_of_record
SF:lib\core\errors\exceptions.dart
DA:3,7
DA:5,0
DA:7,0
DA:12,2
DA:16,4
DA:20,2
DA:24,2
DA:28,4
DA:33,0
DA:37,10
DA:42,0
LF:11
LH:7
end_of_record
SF:lib\data\model\user_model.dart
DA:8,2
DA:10,2
DA:11,8
DA:14,2
DA:15,8
DA:18,1
DA:19,3
DA:22,0
DA:23,0
LF:9
LH:7
end_of_record
SF:lib\bloc\category_bloc\category_event.dart
DA:4,1
DA:6,0
DA:7,0
DA:15,1
DA:17,0
DA:18,0
DA:24,1
DA:26,0
DA:27,0
DA:33,1
DA:35,0
DA:36,0
LF:12
LH:4
end_of_record
SF:lib\bloc\category_bloc\category_state.dart
DA:4,1
DA:18,1
LF:2
LH:2
end_of_record
SF:lib\bloc\category_bloc\category_bloc.dart
DA:12,1
DA:14,2
DA:15,2
DA:16,2
DA:17,2
DA:18,2
DA:21,1
DA:25,1
DA:26,2
DA:27,1
DA:28,1
DA:33,1
DA:35,2
DA:36,3
DA:37,2
DA:38,1
DA:39,2
DA:43,1
DA:45,2
DA:46,3
DA:47,2
DA:48,1
DA:49,2
DA:53,1
DA:55,2
DA:56,3
DA:57,2
DA:58,1
DA:59,2
LF:29
LH:29
end_of_record
SF:lib\data\model\category_model.dart
DA:7,2
DA:9,2
DA:10,6
DA:13,2
DA:14,6
DA:17,1
DA:18,2
DA:21,0
DA:22,0
LF:9
LH:7
end_of_record
SF:lib\data\repository\category_repository.dart\firebase_category_repository.dart
DA:11,4
DA:12,8
DA:14,2
DA:16,4
DA:19,4
DA:21,4
DA:23,20
DA:24,4
DA:25,4
DA:26,4
DA:27,4
DA:28,8
DA:29,16
DA:30,4
DA:32,0
DA:36,2
DA:38,2
DA:40,12
DA:42,0
DA:46,2
DA:48,2
DA:49,2
DA:50,2
DA:51,2
DA:52,2
DA:53,2
DA:54,16
DA:57,2
DA:59,2
DA:61,2
DA:62,2
DA:63,2
DA:64,2
DA:65,4
DA:66,4
DA:68,0
LF:36
LH:33
end_of_record
SF:lib\bloc\todo_bloc\todo_bloc.dart
DA:12,3
DA:13,2
DA:14,2
DA:15,2
DA:16,2
DA:19,1
DA:20,1
DA:21,3
DA:22,1
DA:23,1
DA:28,1
DA:30,2
DA:31,4
DA:32,2
DA:33,1
DA:34,2
DA:38,1
DA:40,2
DA:41,4
DA:42,2
DA:43,1
DA:44,2
DA:48,1
DA:50,2
DA:51,4
DA:52,2
DA:53,1
DA:54,2
LF:28
LH:28
end_of_record
SF:lib\bloc\todo_bloc\todo_state.dart
DA:4,1
DA:6,1
DA:7,1
DA:21,1
DA:23,1
DA:24,2
LF:6
LH:6
end_of_record
SF:lib\bloc\todo_bloc\todo_event.dart
DA:4,1
DA:6,0
DA:7,0
DA:13,1
DA:15,0
DA:16,0
DA:23,1
DA:25,0
DA:26,0
DA:33,1
DA:35,0
DA:36,0
DA:43,1
DA:45,0
DA:46,0
LF:15
LH:5
end_of_record
SF:lib\data\model\todo_model.dart
DA:10,2
DA:18,2
DA:19,2
DA:20,2
DA:21,2
DA:22,2
DA:23,2
DA:24,2
DA:28,2
DA:29,2
DA:30,2
DA:31,2
DA:32,2
DA:33,2
DA:34,2
DA:38,1
DA:45,1
DA:46,1
DA:47,0
DA:48,1
DA:49,1
DA:50,1
DA:54,1
DA:55,6
LF:24
LH:23
end_of_record
SF:lib\data\repository\todo_repository\firebase_todo_repository.dart
DA:11,2
DA:12,4
DA:14,1
DA:16,2
DA:19,2
DA:21,2
DA:25,2
DA:26,2
DA:27,2
DA:28,2
DA:29,2
DA:30,2
DA:31,2
DA:32,2
DA:33,2
DA:34,2
DA:35,2
DA:36,2
DA:37,2
DA:38,4
DA:39,8
DA:40,2
DA:42,0
DA:46,2
DA:48,2
DA:50,2
DA:51,2
DA:52,2
DA:53,2
DA:54,2
DA:55,2
DA:56,2
DA:57,2
DA:59,0
DA:63,2
DA:65,2
DA:66,2
DA:67,2
DA:68,2
DA:69,2
DA:70,2
DA:71,2
DA:72,2
DA:73,16
DA:76,2
DA:78,2
DA:80,2
DA:81,2
DA:82,2
DA:83,2
DA:84,2
DA:85,2
DA:86,4
DA:87,4
DA:89,0
LF:55
LH:52
end_of_record
SF:lib\bloc\user_bloc\user_state.dart
DA:4,1
DA:6,1
DA:7,1
LF:3
LH:3
end_of_record
SF:lib\bloc\user_bloc\user_event.dart
DA:4,1
DA:6,0
DA:7,0
DA:13,1
LF:4
LH:2
end_of_record
SF:lib\bloc\user_bloc\user_bloc.dart
DA:12,3
DA:13,2
DA:16,1
DA:18,2
DA:19,3
DA:20,2
DA:21,1
DA:22,2
LF:8
LH:8
end_of_record
